-------------------------------------------------------------------------------
Test set: mflix.api.daos.TextAndSubfieldTest
-------------------------------------------------------------------------------
Tests run: 6, Failures: 0, Errors: 6, Skipped: 0, Time elapsed: 874.781 s <<< FAILURE! - in mflix.api.daos.TextAndSubfieldTest
testGenreSearch(mflix.api.daos.TextAndSubfieldTest)  Time elapsed: 27.588 s  <<< ERROR!
com.mongodb.MongoTimeoutException: Timed out after 30000 ms while waiting for a server that matches com.mongodb.client.internal.MongoClientDelegate$1@f951a7f. Client view of cluster state is {type=REPLICA_SET, servers=[{address=mflix-shard-00-00.1ud4u.mongodb.net:27017, type=UNKNOWN, state=CONNECTING, exception={com.mongodb.MongoSocketWriteException: Exception sending message}, caused by {javax.net.ssl.SSLHandshakeException: sun.security.validator.ValidatorException: PKIX path building failed: sun.security.provider.certpath.SunCertPathBuilderException: unable to find valid certification path to requested target}, caused by {sun.security.validator.ValidatorException: PKIX path building failed: sun.security.provider.certpath.SunCertPathBuilderException: unable to find valid certification path to requested target}, caused by {sun.security.provider.certpath.SunCertPathBuilderException: unable to find valid certification path to requested target}}, {address=mflix-shard-00-02.1ud4u.mongodb.net:27017, type=UNKNOWN, state=CONNECTING, exception={com.mongodb.MongoSocketWriteException: Exception sending message}, caused by {javax.net.ssl.SSLHandshakeException: sun.security.validator.ValidatorException: PKIX path building failed: sun.security.provider.certpath.SunCertPathBuilderException: unable to find valid certification path to requested target}, caused by {sun.security.validator.ValidatorException: PKIX path building failed: sun.security.provider.certpath.SunCertPathBuilderException: unable to find valid certification path to requested target}, caused by {sun.security.provider.certpath.SunCertPathBuilderException: unable to find valid certification path to requested target}}, {address=mflix-shard-00-01.1ud4u.mongodb.net:27017, type=UNKNOWN, state=CONNECTING, exception={com.mongodb.MongoSocketWriteException: Exception sending message}, caused by {javax.net.ssl.SSLHandshakeException: sun.security.validator.ValidatorException: PKIX path building failed: sun.security.provider.certpath.SunCertPathBuilderException: unable to find valid certification path to requested target}, caused by {sun.security.validator.ValidatorException: PKIX path building failed: sun.security.provider.certpath.SunCertPathBuilderException: unable to find valid certification path to requested target}, caused by {sun.security.provider.certpath.SunCertPathBuilderException: unable to find valid certification path to requested target}}]
	at mflix.api.daos.TextAndSubfieldTest.testGenreSearch(TextAndSubfieldTest.java:155)

testSearchMultipleCast(mflix.api.daos.TextAndSubfieldTest)  Time elapsed: 0.014 s  <<< ERROR!
java.lang.IllegalArgumentException: filter can not be null
	at mflix.api.daos.TextAndSubfieldTest.testSearchMultipleCast(TextAndSubfieldTest.java:108)

testMultipleGenreSearch(mflix.api.daos.TextAndSubfieldTest)  Time elapsed: 30.009 s  <<< ERROR!
com.mongodb.MongoTimeoutException: Timed out after 30000 ms while waiting for a server that matches com.mongodb.client.internal.MongoClientDelegate$1@5f038248. Client view of cluster state is {type=REPLICA_SET, servers=[{address=mflix-shard-00-00.1ud4u.mongodb.net:27017, type=UNKNOWN, state=CONNECTING, exception={com.mongodb.MongoSocketWriteException: Exception sending message}, caused by {javax.net.ssl.SSLHandshakeException: sun.security.validator.ValidatorException: PKIX path building failed: sun.security.provider.certpath.SunCertPathBuilderException: unable to find valid certification path to requested target}, caused by {sun.security.validator.ValidatorException: PKIX path building failed: sun.security.provider.certpath.SunCertPathBuilderException: unable to find valid certification path to requested target}, caused by {sun.security.provider.certpath.SunCertPathBuilderException: unable to find valid certification path to requested target}}, {address=mflix-shard-00-02.1ud4u.mongodb.net:27017, type=UNKNOWN, state=CONNECTING, exception={com.mongodb.MongoSocketWriteException: Exception sending message}, caused by {javax.net.ssl.SSLHandshakeException: sun.security.validator.ValidatorException: PKIX path building failed: sun.security.provider.certpath.SunCertPathBuilderException: unable to find valid certification path to requested target}, caused by {sun.security.validator.ValidatorException: PKIX path building failed: sun.security.provider.certpath.SunCertPathBuilderException: unable to find valid certification path to requested target}, caused by {sun.security.provider.certpath.SunCertPathBuilderException: unable to find valid certification path to requested target}}, {address=mflix-shard-00-01.1ud4u.mongodb.net:27017, type=UNKNOWN, state=CONNECTING, exception={com.mongodb.MongoSocketWriteException: Exception sending message}, caused by {javax.net.ssl.SSLHandshakeException: sun.security.validator.ValidatorException: PKIX path building failed: sun.security.provider.certpath.SunCertPathBuilderException: unable to find valid certification path to requested target}, caused by {sun.security.validator.ValidatorException: PKIX path building failed: sun.security.provider.certpath.SunCertPathBuilderException: unable to find valid certification path to requested target}, caused by {sun.security.provider.certpath.SunCertPathBuilderException: unable to find valid certification path to requested target}}]
	at mflix.api.daos.TextAndSubfieldTest.testMultipleGenreSearch(TextAndSubfieldTest.java:138)

testSearchByCast(mflix.api.daos.TextAndSubfieldTest)  Time elapsed: 0.004 s  <<< ERROR!
java.lang.IllegalArgumentException: filter can not be null
	at mflix.api.daos.TextAndSubfieldTest.testSearchByCast(TextAndSubfieldTest.java:82)

testTextSearch(mflix.api.daos.TextAndSubfieldTest)  Time elapsed: 790.974 s  <<< ERROR!
com.mongodb.MongoTimeoutException: Timed out after 30000 ms while waiting for a server that matches com.mongodb.client.internal.MongoClientDelegate$1@59f93db8. Client view of cluster state is {type=REPLICA_SET, servers=[{address=mflix-shard-00-00.1ud4u.mongodb.net:27017, type=UNKNOWN, state=CONNECTING, exception={com.mongodb.MongoSocketOpenException: Exception opening socket}, caused by {java.net.SocketException: Network is unreachable: connect}}, {address=mflix-shard-00-02.1ud4u.mongodb.net:27017, type=UNKNOWN, state=CONNECTING, exception={com.mongodb.MongoSocketWriteException: Exception sending message}, caused by {javax.net.ssl.SSLHandshakeException: sun.security.validator.ValidatorException: PKIX path building failed: sun.security.provider.certpath.SunCertPathBuilderException: unable to find valid certification path to requested target}, caused by {sun.security.validator.ValidatorException: PKIX path building failed: sun.security.provider.certpath.SunCertPathBuilderException: unable to find valid certification path to requested target}, caused by {sun.security.provider.certpath.SunCertPathBuilderException: unable to find valid certification path to requested target}}, {address=mflix-shard-00-01.1ud4u.mongodb.net:27017, type=UNKNOWN, state=CONNECTING, exception={com.mongodb.MongoSocketOpenException: Exception opening socket}, caused by {java.net.SocketException: Network is unreachable: connect}}]
	at mflix.api.daos.TextAndSubfieldTest.testTextSearch(TextAndSubfieldTest.java:47)

testTextSearchCount(mflix.api.daos.TextAndSubfieldTest)  Time elapsed: 25.754 s  <<< ERROR!
com.mongodb.MongoTimeoutException: Timed out after 30000 ms while waiting for a server that matches com.mongodb.client.internal.MongoClientDelegate$1@73c9e8e8. Client view of cluster state is {type=REPLICA_SET, servers=[{address=mflix-shard-00-00.1ud4u.mongodb.net:27017, type=UNKNOWN, state=CONNECTING, exception={com.mongodb.MongoSocketException: mflix-shard-00-00.1ud4u.mongodb.net}, caused by {java.net.UnknownHostException: mflix-shard-00-00.1ud4u.mongodb.net}}, {address=mflix-shard-00-02.1ud4u.mongodb.net:27017, type=UNKNOWN, state=CONNECTING, exception={com.mongodb.MongoSocketException: mflix-shard-00-02.1ud4u.mongodb.net}, caused by {java.net.UnknownHostException: mflix-shard-00-02.1ud4u.mongodb.net}}, {address=mflix-shard-00-01.1ud4u.mongodb.net:27017, type=UNKNOWN, state=CONNECTING, exception={com.mongodb.MongoSocketException: mflix-shard-00-01.1ud4u.mongodb.net}, caused by {java.net.UnknownHostException: mflix-shard-00-01.1ud4u.mongodb.net}}]
	at mflix.api.daos.TextAndSubfieldTest.testTextSearchCount(TextAndSubfieldTest.java:75)

