-------------------------------------------------------------------------------
Test set: mflix.api.daos.HandlingErrorsTest
-------------------------------------------------------------------------------
Tests run: 3, Failures: 0, Errors: 3, Skipped: 0, Time elapsed: 87.391 s <<< FAILURE! - in mflix.api.daos.HandlingErrorsTest
testAccessInvalidIdDocument(mflix.api.daos.HandlingErrorsTest)  Time elapsed: 26.762 s  <<< ERROR!
com.mongodb.MongoTimeoutException: Timed out after 30000 ms while waiting for a server that matches com.mongodb.client.internal.MongoClientDelegate$1@73d4066e. Client view of cluster state is {type=REPLICA_SET, servers=[{address=mflix-shard-00-00.1ud4u.mongodb.net:27017, type=UNKNOWN, state=CONNECTING, exception={com.mongodb.MongoSocketWriteException: Exception sending message}, caused by {javax.net.ssl.SSLHandshakeException: sun.security.validator.ValidatorException: PKIX path building failed: sun.security.provider.certpath.SunCertPathBuilderException: unable to find valid certification path to requested target}, caused by {sun.security.validator.ValidatorException: PKIX path building failed: sun.security.provider.certpath.SunCertPathBuilderException: unable to find valid certification path to requested target}, caused by {sun.security.provider.certpath.SunCertPathBuilderException: unable to find valid certification path to requested target}}, {address=mflix-shard-00-02.1ud4u.mongodb.net:27017, type=UNKNOWN, state=CONNECTING, exception={com.mongodb.MongoSocketWriteException: Exception sending message}, caused by {javax.net.ssl.SSLHandshakeException: sun.security.validator.ValidatorException: PKIX path building failed: sun.security.provider.certpath.SunCertPathBuilderException: unable to find valid certification path to requested target}, caused by {sun.security.validator.ValidatorException: PKIX path building failed: sun.security.provider.certpath.SunCertPathBuilderException: unable to find valid certification path to requested target}, caused by {sun.security.provider.certpath.SunCertPathBuilderException: unable to find valid certification path to requested target}}, {address=mflix-shard-00-01.1ud4u.mongodb.net:27017, type=UNKNOWN, state=CONNECTING, exception={com.mongodb.MongoSocketWriteException: Exception sending message}, caused by {javax.net.ssl.SSLHandshakeException: sun.security.validator.ValidatorException: PKIX path building failed: sun.security.provider.certpath.SunCertPathBuilderException: unable to find valid certification path to requested target}, caused by {sun.security.validator.ValidatorException: PKIX path building failed: sun.security.provider.certpath.SunCertPathBuilderException: unable to find valid certification path to requested target}, caused by {sun.security.provider.certpath.SunCertPathBuilderException: unable to find valid certification path to requested target}}]
	at mflix.api.daos.HandlingErrorsTest.testAccessInvalidIdDocument(HandlingErrorsTest.java:51)

testNoUserDups(mflix.api.daos.HandlingErrorsTest)  Time elapsed: 30.178 s  <<< ERROR!
java.lang.Exception: Unexpected exception, expected<mflix.api.daos.IncorrectDaoOperation> but was<com.mongodb.MongoTimeoutException>
	at mflix.api.daos.HandlingErrorsTest.testNoUserDups(HandlingErrorsTest.java:58)

testAccessExistingDocument(mflix.api.daos.HandlingErrorsTest)  Time elapsed: 30.023 s  <<< ERROR!
com.mongodb.MongoTimeoutException: Timed out after 30000 ms while waiting for a server that matches com.mongodb.client.internal.MongoClientDelegate$1@7b6e5c12. Client view of cluster state is {type=REPLICA_SET, servers=[{address=mflix-shard-00-00.1ud4u.mongodb.net:27017, type=UNKNOWN, state=CONNECTING, exception={com.mongodb.MongoSocketWriteException: Exception sending message}, caused by {javax.net.ssl.SSLHandshakeException: sun.security.validator.ValidatorException: PKIX path building failed: sun.security.provider.certpath.SunCertPathBuilderException: unable to find valid certification path to requested target}, caused by {sun.security.validator.ValidatorException: PKIX path building failed: sun.security.provider.certpath.SunCertPathBuilderException: unable to find valid certification path to requested target}, caused by {sun.security.provider.certpath.SunCertPathBuilderException: unable to find valid certification path to requested target}}, {address=mflix-shard-00-02.1ud4u.mongodb.net:27017, type=UNKNOWN, state=CONNECTING, exception={com.mongodb.MongoSocketWriteException: Exception sending message}, caused by {javax.net.ssl.SSLHandshakeException: sun.security.validator.ValidatorException: PKIX path building failed: sun.security.provider.certpath.SunCertPathBuilderException: unable to find valid certification path to requested target}, caused by {sun.security.validator.ValidatorException: PKIX path building failed: sun.security.provider.certpath.SunCertPathBuilderException: unable to find valid certification path to requested target}, caused by {sun.security.provider.certpath.SunCertPathBuilderException: unable to find valid certification path to requested target}}, {address=mflix-shard-00-01.1ud4u.mongodb.net:27017, type=UNKNOWN, state=CONNECTING, exception={com.mongodb.MongoSocketWriteException: Exception sending message}, caused by {javax.net.ssl.SSLHandshakeException: sun.security.validator.ValidatorException: PKIX path building failed: sun.security.provider.certpath.SunCertPathBuilderException: unable to find valid certification path to requested target}, caused by {sun.security.validator.ValidatorException: PKIX path building failed: sun.security.provider.certpath.SunCertPathBuilderException: unable to find valid certification path to requested target}, caused by {sun.security.provider.certpath.SunCertPathBuilderException: unable to find valid certification path to requested target}}]
	at mflix.api.daos.HandlingErrorsTest.testAccessExistingDocument(HandlingErrorsTest.java:44)

