-------------------------------------------------------------------------------
Test set: mflix.api.daos.DeleteCommentTest
-------------------------------------------------------------------------------
Tests run: 10, Failures: 0, Errors: 10, Skipped: 0, Time elapsed: 148.421 s <<< FAILURE! - in mflix.api.daos.DeleteCommentTest
testDeleteInvalidCommentId(mflix.api.daos.DeleteCommentTest)  Time elapsed: 27.852 s  <<< ERROR!
com.mongodb.MongoTimeoutException: Timed out after 30000 ms while waiting for a server that matches com.mongodb.client.internal.MongoClientDelegate$1@622fdb81. Client view of cluster state is {type=REPLICA_SET, servers=[{address=mflix-shard-00-00.1ud4u.mongodb.net:27017, type=UNKNOWN, state=CONNECTING, exception={com.mongodb.MongoSocketWriteException: Exception sending message}, caused by {javax.net.ssl.SSLHandshakeException: sun.security.validator.ValidatorException: PKIX path building failed: sun.security.provider.certpath.SunCertPathBuilderException: unable to find valid certification path to requested target}, caused by {sun.security.validator.ValidatorException: PKIX path building failed: sun.security.provider.certpath.SunCertPathBuilderException: unable to find valid certification path to requested target}, caused by {sun.security.provider.certpath.SunCertPathBuilderException: unable to find valid certification path to requested target}}, {address=mflix-shard-00-02.1ud4u.mongodb.net:27017, type=UNKNOWN, state=CONNECTING, exception={com.mongodb.MongoSocketWriteException: Exception sending message}, caused by {javax.net.ssl.SSLHandshakeException: sun.security.validator.ValidatorException: PKIX path building failed: sun.security.provider.certpath.SunCertPathBuilderException: unable to find valid certification path to requested target}, caused by {sun.security.validator.ValidatorException: PKIX path building failed: sun.security.provider.certpath.SunCertPathBuilderException: unable to find valid certification path to requested target}, caused by {sun.security.provider.certpath.SunCertPathBuilderException: unable to find valid certification path to requested target}}, {address=mflix-shard-00-01.1ud4u.mongodb.net:27017, type=UNKNOWN, state=CONNECTING, exception={com.mongodb.MongoSocketWriteException: Exception sending message}, caused by {javax.net.ssl.SSLHandshakeException: sun.security.validator.ValidatorException: PKIX path building failed: sun.security.provider.certpath.SunCertPathBuilderException: unable to find valid certification path to requested target}, caused by {sun.security.validator.ValidatorException: PKIX path building failed: sun.security.provider.certpath.SunCertPathBuilderException: unable to find valid certification path to requested target}, caused by {sun.security.provider.certpath.SunCertPathBuilderException: unable to find valid certification path to requested target}}]
	at mflix.api.daos.DeleteCommentTest.setUp(DeleteCommentTest.java:49)

testDeleteInvalidCommentId(mflix.api.daos.DeleteCommentTest)  Time elapsed: 27.853 s  <<< ERROR!
java.lang.IllegalArgumentException
	at mflix.api.daos.DeleteCommentTest.tearDown(DeleteCommentTest.java:93)

testDeleteIncorrectCommentId(mflix.api.daos.DeleteCommentTest)  Time elapsed: 30.012 s  <<< ERROR!
com.mongodb.MongoTimeoutException: Timed out after 30000 ms while waiting for a server that matches com.mongodb.client.internal.MongoClientDelegate$1@2ec3633f. Client view of cluster state is {type=REPLICA_SET, servers=[{address=mflix-shard-00-00.1ud4u.mongodb.net:27017, type=UNKNOWN, state=CONNECTING, exception={com.mongodb.MongoSocketWriteException: Exception sending message}, caused by {javax.net.ssl.SSLHandshakeException: sun.security.validator.ValidatorException: PKIX path building failed: sun.security.provider.certpath.SunCertPathBuilderException: unable to find valid certification path to requested target}, caused by {sun.security.validator.ValidatorException: PKIX path building failed: sun.security.provider.certpath.SunCertPathBuilderException: unable to find valid certification path to requested target}, caused by {sun.security.provider.certpath.SunCertPathBuilderException: unable to find valid certification path to requested target}}, {address=mflix-shard-00-02.1ud4u.mongodb.net:27017, type=UNKNOWN, state=CONNECTING, exception={com.mongodb.MongoSocketWriteException: Exception sending message}, caused by {javax.net.ssl.SSLHandshakeException: sun.security.validator.ValidatorException: PKIX path building failed: sun.security.provider.certpath.SunCertPathBuilderException: unable to find valid certification path to requested target}, caused by {sun.security.validator.ValidatorException: PKIX path building failed: sun.security.provider.certpath.SunCertPathBuilderException: unable to find valid certification path to requested target}, caused by {sun.security.provider.certpath.SunCertPathBuilderException: unable to find valid certification path to requested target}}, {address=mflix-shard-00-01.1ud4u.mongodb.net:27017, type=UNKNOWN, state=CONNECTING, exception={com.mongodb.MongoSocketWriteException: Exception sending message}, caused by {javax.net.ssl.SSLHandshakeException: sun.security.validator.ValidatorException: PKIX path building failed: sun.security.provider.certpath.SunCertPathBuilderException: unable to find valid certification path to requested target}, caused by {sun.security.validator.ValidatorException: PKIX path building failed: sun.security.provider.certpath.SunCertPathBuilderException: unable to find valid certification path to requested target}, caused by {sun.security.provider.certpath.SunCertPathBuilderException: unable to find valid certification path to requested target}}]
	at mflix.api.daos.DeleteCommentTest.setUp(DeleteCommentTest.java:49)

testDeleteIncorrectCommentId(mflix.api.daos.DeleteCommentTest)  Time elapsed: 30.012 s  <<< ERROR!
java.lang.IllegalArgumentException
	at mflix.api.daos.DeleteCommentTest.tearDown(DeleteCommentTest.java:93)

testDeleteOfOwnedComment(mflix.api.daos.DeleteCommentTest)  Time elapsed: 30.016 s  <<< ERROR!
com.mongodb.MongoTimeoutException: Timed out after 30000 ms while waiting for a server that matches com.mongodb.client.internal.MongoClientDelegate$1@13275d8. Client view of cluster state is {type=REPLICA_SET, servers=[{address=mflix-shard-00-00.1ud4u.mongodb.net:27017, type=UNKNOWN, state=CONNECTING, exception={com.mongodb.MongoSocketWriteException: Exception sending message}, caused by {javax.net.ssl.SSLHandshakeException: sun.security.validator.ValidatorException: PKIX path building failed: sun.security.provider.certpath.SunCertPathBuilderException: unable to find valid certification path to requested target}, caused by {sun.security.validator.ValidatorException: PKIX path building failed: sun.security.provider.certpath.SunCertPathBuilderException: unable to find valid certification path to requested target}, caused by {sun.security.provider.certpath.SunCertPathBuilderException: unable to find valid certification path to requested target}}, {address=mflix-shard-00-02.1ud4u.mongodb.net:27017, type=UNKNOWN, state=CONNECTING, exception={com.mongodb.MongoSocketWriteException: Exception sending message}, caused by {javax.net.ssl.SSLHandshakeException: sun.security.validator.ValidatorException: PKIX path building failed: sun.security.provider.certpath.SunCertPathBuilderException: unable to find valid certification path to requested target}, caused by {sun.security.validator.ValidatorException: PKIX path building failed: sun.security.provider.certpath.SunCertPathBuilderException: unable to find valid certification path to requested target}, caused by {sun.security.provider.certpath.SunCertPathBuilderException: unable to find valid certification path to requested target}}, {address=mflix-shard-00-01.1ud4u.mongodb.net:27017, type=UNKNOWN, state=CONNECTING, exception={com.mongodb.MongoSocketWriteException: Exception sending message}, caused by {javax.net.ssl.SSLHandshakeException: sun.security.validator.ValidatorException: PKIX path building failed: sun.security.provider.certpath.SunCertPathBuilderException: unable to find valid certification path to requested target}, caused by {sun.security.validator.ValidatorException: PKIX path building failed: sun.security.provider.certpath.SunCertPathBuilderException: unable to find valid certification path to requested target}, caused by {sun.security.provider.certpath.SunCertPathBuilderException: unable to find valid certification path to requested target}}]
	at mflix.api.daos.DeleteCommentTest.setUp(DeleteCommentTest.java:49)

testDeleteOfOwnedComment(mflix.api.daos.DeleteCommentTest)  Time elapsed: 30.016 s  <<< ERROR!
java.lang.IllegalArgumentException
	at mflix.api.daos.DeleteCommentTest.tearDown(DeleteCommentTest.java:93)

testDeleteNotOwnedComment(mflix.api.daos.DeleteCommentTest)  Time elapsed: 30.019 s  <<< ERROR!
com.mongodb.MongoTimeoutException: Timed out after 30000 ms while waiting for a server that matches com.mongodb.client.internal.MongoClientDelegate$1@20576557. Client view of cluster state is {type=REPLICA_SET, servers=[{address=mflix-shard-00-00.1ud4u.mongodb.net:27017, type=UNKNOWN, state=CONNECTING, exception={com.mongodb.MongoSocketWriteException: Exception sending message}, caused by {javax.net.ssl.SSLHandshakeException: sun.security.validator.ValidatorException: PKIX path building failed: sun.security.provider.certpath.SunCertPathBuilderException: unable to find valid certification path to requested target}, caused by {sun.security.validator.ValidatorException: PKIX path building failed: sun.security.provider.certpath.SunCertPathBuilderException: unable to find valid certification path to requested target}, caused by {sun.security.provider.certpath.SunCertPathBuilderException: unable to find valid certification path to requested target}}, {address=mflix-shard-00-02.1ud4u.mongodb.net:27017, type=UNKNOWN, state=CONNECTING, exception={com.mongodb.MongoSocketWriteException: Exception sending message}, caused by {javax.net.ssl.SSLHandshakeException: sun.security.validator.ValidatorException: PKIX path building failed: sun.security.provider.certpath.SunCertPathBuilderException: unable to find valid certification path to requested target}, caused by {sun.security.validator.ValidatorException: PKIX path building failed: sun.security.provider.certpath.SunCertPathBuilderException: unable to find valid certification path to requested target}, caused by {sun.security.provider.certpath.SunCertPathBuilderException: unable to find valid certification path to requested target}}, {address=mflix-shard-00-01.1ud4u.mongodb.net:27017, type=UNKNOWN, state=CONNECTING, exception={com.mongodb.MongoSocketWriteException: Exception sending message}, caused by {javax.net.ssl.SSLHandshakeException: sun.security.validator.ValidatorException: PKIX path building failed: sun.security.provider.certpath.SunCertPathBuilderException: unable to find valid certification path to requested target}, caused by {sun.security.validator.ValidatorException: PKIX path building failed: sun.security.provider.certpath.SunCertPathBuilderException: unable to find valid certification path to requested target}, caused by {sun.security.provider.certpath.SunCertPathBuilderException: unable to find valid certification path to requested target}}]
	at mflix.api.daos.DeleteCommentTest.setUp(DeleteCommentTest.java:49)

testDeleteNotOwnedComment(mflix.api.daos.DeleteCommentTest)  Time elapsed: 30.019 s  <<< ERROR!
java.lang.IllegalArgumentException
	at mflix.api.daos.DeleteCommentTest.tearDown(DeleteCommentTest.java:93)

testDeleteNonExistingComment(mflix.api.daos.DeleteCommentTest)  Time elapsed: 30.015 s  <<< ERROR!
com.mongodb.MongoTimeoutException: Timed out after 30000 ms while waiting for a server that matches com.mongodb.client.internal.MongoClientDelegate$1@45c2e0a6. Client view of cluster state is {type=REPLICA_SET, servers=[{address=mflix-shard-00-00.1ud4u.mongodb.net:27017, type=UNKNOWN, state=CONNECTING, exception={com.mongodb.MongoSocketWriteException: Exception sending message}, caused by {javax.net.ssl.SSLHandshakeException: sun.security.validator.ValidatorException: PKIX path building failed: sun.security.provider.certpath.SunCertPathBuilderException: unable to find valid certification path to requested target}, caused by {sun.security.validator.ValidatorException: PKIX path building failed: sun.security.provider.certpath.SunCertPathBuilderException: unable to find valid certification path to requested target}, caused by {sun.security.provider.certpath.SunCertPathBuilderException: unable to find valid certification path to requested target}}, {address=mflix-shard-00-02.1ud4u.mongodb.net:27017, type=UNKNOWN, state=CONNECTING, exception={com.mongodb.MongoSocketWriteException: Exception sending message}, caused by {javax.net.ssl.SSLHandshakeException: sun.security.validator.ValidatorException: PKIX path building failed: sun.security.provider.certpath.SunCertPathBuilderException: unable to find valid certification path to requested target}, caused by {sun.security.validator.ValidatorException: PKIX path building failed: sun.security.provider.certpath.SunCertPathBuilderException: unable to find valid certification path to requested target}, caused by {sun.security.provider.certpath.SunCertPathBuilderException: unable to find valid certification path to requested target}}, {address=mflix-shard-00-01.1ud4u.mongodb.net:27017, type=UNKNOWN, state=CONNECTING, exception={com.mongodb.MongoSocketWriteException: Exception sending message}, caused by {javax.net.ssl.SSLHandshakeException: sun.security.validator.ValidatorException: PKIX path building failed: sun.security.provider.certpath.SunCertPathBuilderException: unable to find valid certification path to requested target}, caused by {sun.security.validator.ValidatorException: PKIX path building failed: sun.security.provider.certpath.SunCertPathBuilderException: unable to find valid certification path to requested target}, caused by {sun.security.provider.certpath.SunCertPathBuilderException: unable to find valid certification path to requested target}}]
	at mflix.api.daos.DeleteCommentTest.setUp(DeleteCommentTest.java:49)

testDeleteNonExistingComment(mflix.api.daos.DeleteCommentTest)  Time elapsed: 30.015 s  <<< ERROR!
java.lang.IllegalArgumentException
	at mflix.api.daos.DeleteCommentTest.tearDown(DeleteCommentTest.java:93)

