-------------------------------------------------------------------------------
Test set: mflix.api.daos.TimeoutsTest
-------------------------------------------------------------------------------
Tests run: 2, Failures: 0, Errors: 2, Skipped: 0, Time elapsed: 5.252 s <<< FAILURE! - in mflix.api.daos.TimeoutsTest
testConfiguredConnectionTimeoutMs(mflix.api.daos.TimeoutsTest)  Time elapsed: 0 s  <<< ERROR!
java.lang.IllegalStateException: Failed to load ApplicationContext
Caused by: org.springframework.beans.factory.UnsatisfiedDependencyException: Error creating bean with name 'commentDao': Unsatisfied dependency expressed through constructor parameter 0; nested exception is org.springframework.beans.factory.BeanCreationException: Error creating bean with name 'mongoClient' defined in mflix.config.MongoDBConfiguration: Bean instantiation via factory method failed; nested exception is org.springframework.beans.BeanInstantiationException: Failed to instantiate [com.mongodb.client.MongoClient]: Factory method 'mongoClient' threw exception; nested exception is com.mongodb.MongoConfigurationException: Unable to look up SRV record for host mflix.1ud4u.mongodb.net
Caused by: org.springframework.beans.factory.BeanCreationException: Error creating bean with name 'mongoClient' defined in mflix.config.MongoDBConfiguration: Bean instantiation via factory method failed; nested exception is org.springframework.beans.BeanInstantiationException: Failed to instantiate [com.mongodb.client.MongoClient]: Factory method 'mongoClient' threw exception; nested exception is com.mongodb.MongoConfigurationException: Unable to look up SRV record for host mflix.1ud4u.mongodb.net
Caused by: org.springframework.beans.BeanInstantiationException: Failed to instantiate [com.mongodb.client.MongoClient]: Factory method 'mongoClient' threw exception; nested exception is com.mongodb.MongoConfigurationException: Unable to look up SRV record for host mflix.1ud4u.mongodb.net
Caused by: com.mongodb.MongoConfigurationException: Unable to look up SRV record for host mflix.1ud4u.mongodb.net
Caused by: javax.naming.CommunicationException: DNS error
Caused by: java.net.SocketException: Network is unreachable: Datagram send failed

testConfiguredWtimeout(mflix.api.daos.TimeoutsTest)  Time elapsed: 0 s  <<< ERROR!
java.lang.IllegalStateException: Failed to load ApplicationContext
Caused by: org.springframework.beans.factory.UnsatisfiedDependencyException: Error creating bean with name 'commentDao': Unsatisfied dependency expressed through constructor parameter 0; nested exception is org.springframework.beans.factory.BeanCreationException: Error creating bean with name 'mongoClient' defined in mflix.config.MongoDBConfiguration: Bean instantiation via factory method failed; nested exception is org.springframework.beans.BeanInstantiationException: Failed to instantiate [com.mongodb.client.MongoClient]: Factory method 'mongoClient' threw exception; nested exception is com.mongodb.MongoConfigurationException: Unable to look up SRV record for host mflix.1ud4u.mongodb.net
Caused by: org.springframework.beans.factory.BeanCreationException: Error creating bean with name 'mongoClient' defined in mflix.config.MongoDBConfiguration: Bean instantiation via factory method failed; nested exception is org.springframework.beans.BeanInstantiationException: Failed to instantiate [com.mongodb.client.MongoClient]: Factory method 'mongoClient' threw exception; nested exception is com.mongodb.MongoConfigurationException: Unable to look up SRV record for host mflix.1ud4u.mongodb.net
Caused by: org.springframework.beans.BeanInstantiationException: Failed to instantiate [com.mongodb.client.MongoClient]: Factory method 'mongoClient' threw exception; nested exception is com.mongodb.MongoConfigurationException: Unable to look up SRV record for host mflix.1ud4u.mongodb.net
Caused by: com.mongodb.MongoConfigurationException: Unable to look up SRV record for host mflix.1ud4u.mongodb.net
Caused by: javax.naming.CommunicationException: DNS error
Caused by: java.net.SocketException: Network is unreachable: Datagram send failed

