-------------------------------------------------------------------------------
Test set: mflix.api.daos.FacetedSearchTest
-------------------------------------------------------------------------------
Tests run: 3, Failures: 0, Errors: 3, Skipped: 0, Time elapsed: 87.293 s <<< FAILURE! - in mflix.api.daos.FacetedSearchTest
testRatingRuntimeBuckets(mflix.api.daos.FacetedSearchTest)  Time elapsed: 26.803 s  <<< ERROR!
com.mongodb.MongoTimeoutException: Timed out after 30000 ms while waiting for a server that matches com.mongodb.client.internal.MongoClientDelegate$1@1c9e07c6. Client view of cluster state is {type=REPLICA_SET, servers=[{address=mflix-shard-00-00.1ud4u.mongodb.net:27017, type=UNKNOWN, state=CONNECTING, exception={com.mongodb.MongoSocketWriteException: Exception sending message}, caused by {javax.net.ssl.SSLHandshakeException: sun.security.validator.ValidatorException: PKIX path building failed: sun.security.provider.certpath.SunCertPathBuilderException: unable to find valid certification path to requested target}, caused by {sun.security.validator.ValidatorException: PKIX path building failed: sun.security.provider.certpath.SunCertPathBuilderException: unable to find valid certification path to requested target}, caused by {sun.security.provider.certpath.SunCertPathBuilderException: unable to find valid certification path to requested target}}, {address=mflix-shard-00-02.1ud4u.mongodb.net:27017, type=UNKNOWN, state=CONNECTING, exception={com.mongodb.MongoSocketWriteException: Exception sending message}, caused by {javax.net.ssl.SSLHandshakeException: sun.security.validator.ValidatorException: PKIX path building failed: sun.security.provider.certpath.SunCertPathBuilderException: unable to find valid certification path to requested target}, caused by {sun.security.validator.ValidatorException: PKIX path building failed: sun.security.provider.certpath.SunCertPathBuilderException: unable to find valid certification path to requested target}, caused by {sun.security.provider.certpath.SunCertPathBuilderException: unable to find valid certification path to requested target}}, {address=mflix-shard-00-01.1ud4u.mongodb.net:27017, type=UNKNOWN, state=CONNECTING, exception={com.mongodb.MongoSocketWriteException: Exception sending message}, caused by {javax.net.ssl.SSLHandshakeException: sun.security.validator.ValidatorException: PKIX path building failed: sun.security.provider.certpath.SunCertPathBuilderException: unable to find valid certification path to requested target}, caused by {sun.security.validator.ValidatorException: PKIX path building failed: sun.security.provider.certpath.SunCertPathBuilderException: unable to find valid certification path to requested target}, caused by {sun.security.provider.certpath.SunCertPathBuilderException: unable to find valid certification path to requested target}}]
	at mflix.api.daos.FacetedSearchTest.testRatingRuntimeBuckets(FacetedSearchTest.java:43)

testFacetedSearchPaging(mflix.api.daos.FacetedSearchTest)  Time elapsed: 30.014 s  <<< ERROR!
com.mongodb.MongoTimeoutException: Timed out after 30000 ms while waiting for a server that matches com.mongodb.client.internal.MongoClientDelegate$1@2b10ace9. Client view of cluster state is {type=REPLICA_SET, servers=[{address=mflix-shard-00-00.1ud4u.mongodb.net:27017, type=UNKNOWN, state=CONNECTING, exception={com.mongodb.MongoSocketWriteException: Exception sending message}, caused by {javax.net.ssl.SSLHandshakeException: sun.security.validator.ValidatorException: PKIX path building failed: sun.security.provider.certpath.SunCertPathBuilderException: unable to find valid certification path to requested target}, caused by {sun.security.validator.ValidatorException: PKIX path building failed: sun.security.provider.certpath.SunCertPathBuilderException: unable to find valid certification path to requested target}, caused by {sun.security.provider.certpath.SunCertPathBuilderException: unable to find valid certification path to requested target}}, {address=mflix-shard-00-02.1ud4u.mongodb.net:27017, type=UNKNOWN, state=CONNECTING, exception={com.mongodb.MongoSocketWriteException: Exception sending message}, caused by {javax.net.ssl.SSLHandshakeException: sun.security.validator.ValidatorException: PKIX path building failed: sun.security.provider.certpath.SunCertPathBuilderException: unable to find valid certification path to requested target}, caused by {sun.security.validator.ValidatorException: PKIX path building failed: sun.security.provider.certpath.SunCertPathBuilderException: unable to find valid certification path to requested target}, caused by {sun.security.provider.certpath.SunCertPathBuilderException: unable to find valid certification path to requested target}}, {address=mflix-shard-00-01.1ud4u.mongodb.net:27017, type=UNKNOWN, state=CONNECTING, exception={com.mongodb.MongoSocketWriteException: Exception sending message}, caused by {javax.net.ssl.SSLHandshakeException: sun.security.validator.ValidatorException: PKIX path building failed: sun.security.provider.certpath.SunCertPathBuilderException: unable to find valid certification path to requested target}, caused by {sun.security.validator.ValidatorException: PKIX path building failed: sun.security.provider.certpath.SunCertPathBuilderException: unable to find valid certification path to requested target}, caused by {sun.security.provider.certpath.SunCertPathBuilderException: unable to find valid certification path to requested target}}]
	at mflix.api.daos.FacetedSearchTest.testFacetedSearchPaging(FacetedSearchTest.java:69)

testFacetedMultipleCast(mflix.api.daos.FacetedSearchTest)  Time elapsed: 30.014 s  <<< ERROR!
com.mongodb.MongoTimeoutException: Timed out after 30000 ms while waiting for a server that matches com.mongodb.client.internal.MongoClientDelegate$1@459b187a. Client view of cluster state is {type=REPLICA_SET, servers=[{address=mflix-shard-00-00.1ud4u.mongodb.net:27017, type=UNKNOWN, state=CONNECTING, exception={com.mongodb.MongoSocketWriteException: Exception sending message}, caused by {javax.net.ssl.SSLHandshakeException: sun.security.validator.ValidatorException: PKIX path building failed: sun.security.provider.certpath.SunCertPathBuilderException: unable to find valid certification path to requested target}, caused by {sun.security.validator.ValidatorException: PKIX path building failed: sun.security.provider.certpath.SunCertPathBuilderException: unable to find valid certification path to requested target}, caused by {sun.security.provider.certpath.SunCertPathBuilderException: unable to find valid certification path to requested target}}, {address=mflix-shard-00-02.1ud4u.mongodb.net:27017, type=UNKNOWN, state=CONNECTING, exception={com.mongodb.MongoSocketWriteException: Exception sending message}, caused by {javax.net.ssl.SSLHandshakeException: sun.security.validator.ValidatorException: PKIX path building failed: sun.security.provider.certpath.SunCertPathBuilderException: unable to find valid certification path to requested target}, caused by {sun.security.validator.ValidatorException: PKIX path building failed: sun.security.provider.certpath.SunCertPathBuilderException: unable to find valid certification path to requested target}, caused by {sun.security.provider.certpath.SunCertPathBuilderException: unable to find valid certification path to requested target}}, {address=mflix-shard-00-01.1ud4u.mongodb.net:27017, type=UNKNOWN, state=CONNECTING, exception={com.mongodb.MongoSocketWriteException: Exception sending message}, caused by {javax.net.ssl.SSLHandshakeException: sun.security.validator.ValidatorException: PKIX path building failed: sun.security.provider.certpath.SunCertPathBuilderException: unable to find valid certification path to requested target}, caused by {sun.security.validator.ValidatorException: PKIX path building failed: sun.security.provider.certpath.SunCertPathBuilderException: unable to find valid certification path to requested target}, caused by {sun.security.provider.certpath.SunCertPathBuilderException: unable to find valid certification path to requested target}}]
	at mflix.api.daos.FacetedSearchTest.testFacetedMultipleCast(FacetedSearchTest.java:97)

