-------------------------------------------------------------------------------
Test set: mflix.api.daos.GetCommentsTest
-------------------------------------------------------------------------------
Tests run: 6, Failures: 0, Errors: 6, Skipped: 0, Time elapsed: 178.785 s <<< FAILURE! - in mflix.api.daos.GetCommentsTest
testGetMovieComments(mflix.api.daos.GetCommentsTest)  Time elapsed: 58.229 s  <<< ERROR!
com.mongodb.MongoTimeoutException: Timed out after 30000 ms while waiting for a server that matches com.mongodb.client.internal.MongoClientDelegate$1@5f7da3d3. Client view of cluster state is {type=REPLICA_SET, servers=[{address=mflix-shard-00-00.1ud4u.mongodb.net:27017, type=UNKNOWN, state=CONNECTING, exception={com.mongodb.MongoSocketWriteException: Exception sending message}, caused by {javax.net.ssl.SSLHandshakeException: sun.security.validator.ValidatorException: PKIX path building failed: sun.security.provider.certpath.SunCertPathBuilderException: unable to find valid certification path to requested target}, caused by {sun.security.validator.ValidatorException: PKIX path building failed: sun.security.provider.certpath.SunCertPathBuilderException: unable to find valid certification path to requested target}, caused by {sun.security.provider.certpath.SunCertPathBuilderException: unable to find valid certification path to requested target}}, {address=mflix-shard-00-02.1ud4u.mongodb.net:27017, type=UNKNOWN, state=CONNECTING, exception={com.mongodb.MongoSocketWriteException: Exception sending message}, caused by {javax.net.ssl.SSLHandshakeException: sun.security.validator.ValidatorException: PKIX path building failed: sun.security.provider.certpath.SunCertPathBuilderException: unable to find valid certification path to requested target}, caused by {sun.security.validator.ValidatorException: PKIX path building failed: sun.security.provider.certpath.SunCertPathBuilderException: unable to find valid certification path to requested target}, caused by {sun.security.provider.certpath.SunCertPathBuilderException: unable to find valid certification path to requested target}}, {address=mflix-shard-00-01.1ud4u.mongodb.net:27017, type=UNKNOWN, state=CONNECTING, exception={com.mongodb.MongoSocketWriteException: Exception sending message}, caused by {javax.net.ssl.SSLHandshakeException: sun.security.validator.ValidatorException: PKIX path building failed: sun.security.provider.certpath.SunCertPathBuilderException: unable to find valid certification path to requested target}, caused by {sun.security.validator.ValidatorException: PKIX path building failed: sun.security.provider.certpath.SunCertPathBuilderException: unable to find valid certification path to requested target}, caused by {sun.security.provider.certpath.SunCertPathBuilderException: unable to find valid certification path to requested target}}]
	at mflix.api.daos.GetCommentsTest.InsertComment(GetCommentsTest.java:45)
	at mflix.api.daos.GetCommentsTest.setUp(GetCommentsTest.java:59)

testGetMovieComments(mflix.api.daos.GetCommentsTest)  Time elapsed: 58.229 s  <<< ERROR!
com.mongodb.MongoTimeoutException: Timed out after 30000 ms while waiting for a server that matches com.mongodb.client.internal.MongoClientDelegate$1@25b52284. Client view of cluster state is {type=REPLICA_SET, servers=[{address=mflix-shard-00-00.1ud4u.mongodb.net:27017, type=UNKNOWN, state=CONNECTING, exception={com.mongodb.MongoSocketWriteException: Exception sending message}, caused by {javax.net.ssl.SSLHandshakeException: sun.security.validator.ValidatorException: PKIX path building failed: sun.security.provider.certpath.SunCertPathBuilderException: unable to find valid certification path to requested target}, caused by {sun.security.validator.ValidatorException: PKIX path building failed: sun.security.provider.certpath.SunCertPathBuilderException: unable to find valid certification path to requested target}, caused by {sun.security.provider.certpath.SunCertPathBuilderException: unable to find valid certification path to requested target}}, {address=mflix-shard-00-02.1ud4u.mongodb.net:27017, type=UNKNOWN, state=CONNECTING, exception={com.mongodb.MongoSocketWriteException: Exception sending message}, caused by {javax.net.ssl.SSLHandshakeException: sun.security.validator.ValidatorException: PKIX path building failed: sun.security.provider.certpath.SunCertPathBuilderException: unable to find valid certification path to requested target}, caused by {sun.security.validator.ValidatorException: PKIX path building failed: sun.security.provider.certpath.SunCertPathBuilderException: unable to find valid certification path to requested target}, caused by {sun.security.provider.certpath.SunCertPathBuilderException: unable to find valid certification path to requested target}}, {address=mflix-shard-00-01.1ud4u.mongodb.net:27017, type=UNKNOWN, state=CONNECTING, exception={com.mongodb.MongoSocketWriteException: Exception sending message}, caused by {javax.net.ssl.SSLHandshakeException: sun.security.validator.ValidatorException: PKIX path building failed: sun.security.provider.certpath.SunCertPathBuilderException: unable to find valid certification path to requested target}, caused by {sun.security.validator.ValidatorException: PKIX path building failed: sun.security.provider.certpath.SunCertPathBuilderException: unable to find valid certification path to requested target}, caused by {sun.security.provider.certpath.SunCertPathBuilderException: unable to find valid certification path to requested target}}]
	at mflix.api.daos.GetCommentsTest.tearDown(GetCommentsTest.java:52)

testInsertedComment(mflix.api.daos.GetCommentsTest)  Time elapsed: 60.023 s  <<< ERROR!
com.mongodb.MongoTimeoutException: Timed out after 30000 ms while waiting for a server that matches com.mongodb.client.internal.MongoClientDelegate$1@782be4eb. Client view of cluster state is {type=REPLICA_SET, servers=[{address=mflix-shard-00-00.1ud4u.mongodb.net:27017, type=UNKNOWN, state=CONNECTING, exception={com.mongodb.MongoSocketWriteException: Exception sending message}, caused by {javax.net.ssl.SSLHandshakeException: sun.security.validator.ValidatorException: PKIX path building failed: sun.security.provider.certpath.SunCertPathBuilderException: unable to find valid certification path to requested target}, caused by {sun.security.validator.ValidatorException: PKIX path building failed: sun.security.provider.certpath.SunCertPathBuilderException: unable to find valid certification path to requested target}, caused by {sun.security.provider.certpath.SunCertPathBuilderException: unable to find valid certification path to requested target}}, {address=mflix-shard-00-02.1ud4u.mongodb.net:27017, type=UNKNOWN, state=CONNECTING, exception={com.mongodb.MongoSocketWriteException: Exception sending message}, caused by {javax.net.ssl.SSLHandshakeException: sun.security.validator.ValidatorException: PKIX path building failed: sun.security.provider.certpath.SunCertPathBuilderException: unable to find valid certification path to requested target}, caused by {sun.security.validator.ValidatorException: PKIX path building failed: sun.security.provider.certpath.SunCertPathBuilderException: unable to find valid certification path to requested target}, caused by {sun.security.provider.certpath.SunCertPathBuilderException: unable to find valid certification path to requested target}}, {address=mflix-shard-00-01.1ud4u.mongodb.net:27017, type=UNKNOWN, state=CONNECTING, exception={com.mongodb.MongoSocketWriteException: Exception sending message}, caused by {javax.net.ssl.SSLHandshakeException: sun.security.validator.ValidatorException: PKIX path building failed: sun.security.provider.certpath.SunCertPathBuilderException: unable to find valid certification path to requested target}, caused by {sun.security.validator.ValidatorException: PKIX path building failed: sun.security.provider.certpath.SunCertPathBuilderException: unable to find valid certification path to requested target}, caused by {sun.security.provider.certpath.SunCertPathBuilderException: unable to find valid certification path to requested target}}]
	at mflix.api.daos.GetCommentsTest.InsertComment(GetCommentsTest.java:45)
	at mflix.api.daos.GetCommentsTest.setUp(GetCommentsTest.java:59)

testInsertedComment(mflix.api.daos.GetCommentsTest)  Time elapsed: 60.024 s  <<< ERROR!
com.mongodb.MongoTimeoutException: Timed out after 30000 ms while waiting for a server that matches com.mongodb.client.internal.MongoClientDelegate$1@38792286. Client view of cluster state is {type=REPLICA_SET, servers=[{address=mflix-shard-00-00.1ud4u.mongodb.net:27017, type=UNKNOWN, state=CONNECTING, exception={com.mongodb.MongoSocketWriteException: Exception sending message}, caused by {javax.net.ssl.SSLHandshakeException: sun.security.validator.ValidatorException: PKIX path building failed: sun.security.provider.certpath.SunCertPathBuilderException: unable to find valid certification path to requested target}, caused by {sun.security.validator.ValidatorException: PKIX path building failed: sun.security.provider.certpath.SunCertPathBuilderException: unable to find valid certification path to requested target}, caused by {sun.security.provider.certpath.SunCertPathBuilderException: unable to find valid certification path to requested target}}, {address=mflix-shard-00-02.1ud4u.mongodb.net:27017, type=UNKNOWN, state=CONNECTING, exception={com.mongodb.MongoSocketWriteException: Exception sending message}, caused by {javax.net.ssl.SSLHandshakeException: sun.security.validator.ValidatorException: PKIX path building failed: sun.security.provider.certpath.SunCertPathBuilderException: unable to find valid certification path to requested target}, caused by {sun.security.validator.ValidatorException: PKIX path building failed: sun.security.provider.certpath.SunCertPathBuilderException: unable to find valid certification path to requested target}, caused by {sun.security.provider.certpath.SunCertPathBuilderException: unable to find valid certification path to requested target}}, {address=mflix-shard-00-01.1ud4u.mongodb.net:27017, type=UNKNOWN, state=CONNECTING, exception={com.mongodb.MongoSocketWriteException: Exception sending message}, caused by {javax.net.ssl.SSLHandshakeException: sun.security.validator.ValidatorException: PKIX path building failed: sun.security.provider.certpath.SunCertPathBuilderException: unable to find valid certification path to requested target}, caused by {sun.security.validator.ValidatorException: PKIX path building failed: sun.security.provider.certpath.SunCertPathBuilderException: unable to find valid certification path to requested target}, caused by {sun.security.provider.certpath.SunCertPathBuilderException: unable to find valid certification path to requested target}}]
	at mflix.api.daos.GetCommentsTest.tearDown(GetCommentsTest.java:52)

testCommentsMovieIdNonExisting(mflix.api.daos.GetCommentsTest)  Time elapsed: 60.031 s  <<< ERROR!
com.mongodb.MongoTimeoutException: Timed out after 30000 ms while waiting for a server that matches com.mongodb.client.internal.MongoClientDelegate$1@665522c2. Client view of cluster state is {type=REPLICA_SET, servers=[{address=mflix-shard-00-00.1ud4u.mongodb.net:27017, type=UNKNOWN, state=CONNECTING, exception={com.mongodb.MongoSocketWriteException: Exception sending message}, caused by {javax.net.ssl.SSLHandshakeException: sun.security.validator.ValidatorException: PKIX path building failed: sun.security.provider.certpath.SunCertPathBuilderException: unable to find valid certification path to requested target}, caused by {sun.security.validator.ValidatorException: PKIX path building failed: sun.security.provider.certpath.SunCertPathBuilderException: unable to find valid certification path to requested target}, caused by {sun.security.provider.certpath.SunCertPathBuilderException: unable to find valid certification path to requested target}}, {address=mflix-shard-00-02.1ud4u.mongodb.net:27017, type=UNKNOWN, state=CONNECTING, exception={com.mongodb.MongoSocketWriteException: Exception sending message}, caused by {javax.net.ssl.SSLHandshakeException: sun.security.validator.ValidatorException: PKIX path building failed: sun.security.provider.certpath.SunCertPathBuilderException: unable to find valid certification path to requested target}, caused by {sun.security.validator.ValidatorException: PKIX path building failed: sun.security.provider.certpath.SunCertPathBuilderException: unable to find valid certification path to requested target}, caused by {sun.security.provider.certpath.SunCertPathBuilderException: unable to find valid certification path to requested target}}, {address=mflix-shard-00-01.1ud4u.mongodb.net:27017, type=UNKNOWN, state=CONNECTING, exception={com.mongodb.MongoSocketWriteException: Exception sending message}, caused by {javax.net.ssl.SSLHandshakeException: sun.security.validator.ValidatorException: PKIX path building failed: sun.security.provider.certpath.SunCertPathBuilderException: unable to find valid certification path to requested target}, caused by {sun.security.validator.ValidatorException: PKIX path building failed: sun.security.provider.certpath.SunCertPathBuilderException: unable to find valid certification path to requested target}, caused by {sun.security.provider.certpath.SunCertPathBuilderException: unable to find valid certification path to requested target}}]
	at mflix.api.daos.GetCommentsTest.InsertComment(GetCommentsTest.java:45)
	at mflix.api.daos.GetCommentsTest.setUp(GetCommentsTest.java:59)

testCommentsMovieIdNonExisting(mflix.api.daos.GetCommentsTest)  Time elapsed: 60.033 s  <<< ERROR!
com.mongodb.MongoTimeoutException: Timed out after 30000 ms while waiting for a server that matches com.mongodb.client.internal.MongoClientDelegate$1@41fe8e5f. Client view of cluster state is {type=REPLICA_SET, servers=[{address=mflix-shard-00-00.1ud4u.mongodb.net:27017, type=UNKNOWN, state=CONNECTING, exception={com.mongodb.MongoSocketWriteException: Exception sending message}, caused by {javax.net.ssl.SSLHandshakeException: sun.security.validator.ValidatorException: PKIX path building failed: sun.security.provider.certpath.SunCertPathBuilderException: unable to find valid certification path to requested target}, caused by {sun.security.validator.ValidatorException: PKIX path building failed: sun.security.provider.certpath.SunCertPathBuilderException: unable to find valid certification path to requested target}, caused by {sun.security.provider.certpath.SunCertPathBuilderException: unable to find valid certification path to requested target}}, {address=mflix-shard-00-02.1ud4u.mongodb.net:27017, type=UNKNOWN, state=CONNECTING, exception={com.mongodb.MongoSocketWriteException: Exception sending message}, caused by {javax.net.ssl.SSLHandshakeException: sun.security.validator.ValidatorException: PKIX path building failed: sun.security.provider.certpath.SunCertPathBuilderException: unable to find valid certification path to requested target}, caused by {sun.security.validator.ValidatorException: PKIX path building failed: sun.security.provider.certpath.SunCertPathBuilderException: unable to find valid certification path to requested target}, caused by {sun.security.provider.certpath.SunCertPathBuilderException: unable to find valid certification path to requested target}}, {address=mflix-shard-00-01.1ud4u.mongodb.net:27017, type=UNKNOWN, state=CONNECTING, exception={com.mongodb.MongoSocketWriteException: Exception sending message}, caused by {javax.net.ssl.SSLHandshakeException: sun.security.validator.ValidatorException: PKIX path building failed: sun.security.provider.certpath.SunCertPathBuilderException: unable to find valid certification path to requested target}, caused by {sun.security.validator.ValidatorException: PKIX path building failed: sun.security.provider.certpath.SunCertPathBuilderException: unable to find valid certification path to requested target}, caused by {sun.security.provider.certpath.SunCertPathBuilderException: unable to find valid certification path to requested target}}]
	at mflix.api.daos.GetCommentsTest.tearDown(GetCommentsTest.java:52)

